[16:15:59] [ServerMain/INFO]: [bootstrap] Running Java 23 (Java HotSpot(TM) 64-Bit Server VM 23.0.2+7-58; Oracle Corporation null) on Windows 11 10.0 (amd64)
[16:15:59] [ServerMain/INFO]: [bootstrap] Loading Paper 1.21.4-126-main@fb5b173 (2025-01-25T20:51:32Z) for Minecraft 1.21.4
[16:16:00] [ServerMain/INFO]: [PluginInitializerManager] Initializing plugins...
[16:16:01] [ServerMain/INFO]: [PluginInitializerManager] Initialized 0 plugins
[16:16:10] [ServerMain/WARN]: resource-pack-id missing, using default of 7bd2f4d5-a302-33ae-a378-726b0f6bd479
[16:16:10] [ServerMain/INFO]: Environment: Environment[sessionHost=https://sessionserver.mojang.com, servicesHost=https://api.minecraftservices.com, name=PROD]
[16:16:15] [ServerMain/INFO]: Loaded 1370 recipes
[16:16:15] [ServerMain/INFO]: Loaded 1481 advancements
[16:16:15] [ServerMain/INFO]: [MCTypeRegistry] Initialising converters for DataConverter...
[16:16:15] [ServerMain/INFO]: [MCTypeRegistry] Finished initialising converters for DataConverter in 499.7ms
[16:16:15] [Server thread/INFO]: Starting minecraft server version 1.21.4
[16:16:15] [Server thread/INFO]: Loading properties
[16:16:15] [Server thread/INFO]: This server is running Paper version 1.21.4-126-main@fb5b173 (2025-01-25T20:51:32Z) (Implementing API version 1.21.4-R0.1-SNAPSHOT)
[16:16:16] [Server thread/INFO]: [spark] This server bundles the spark profiler. For more information please visit https://docs.papermc.io/paper/profiling
[16:16:16] [Server thread/INFO]: Server Ping Player Sample Count: 12
[16:16:16] [Server thread/INFO]: Using 4 threads for Netty based IO
[16:16:17] [Server thread/INFO]: [MoonriseCommon] Paper is using 4 worker threads, 1 I/O threads
[16:16:17] [Server thread/INFO]: [ChunkTaskScheduler] Chunk system is using population gen parallelism: true
[16:16:18] [Server thread/INFO]: Default game type: SURVIVAL
[16:16:18] [Server thread/INFO]: Generating keypair
[16:16:18] [Server thread/INFO]: Starting Minecraft server on *:25565
[16:16:18] [Server thread/INFO]: Using default channel type
[16:16:18] [Server thread/INFO]: Paper: Using Java compression from Velocity.
[16:16:18] [Server thread/INFO]: Paper: Using Java cipher from Velocity.
[16:16:18] [Server thread/INFO]: Server permissions file permissions.yml is empty, ignoring it
[16:16:18] [Server thread/INFO]: Preparing level "world"
[16:16:19] [Server thread/INFO]: Preparing start region for dimension minecraft:overworld
[16:16:20] [Server thread/INFO]: Preparing spawn area: 0%
[16:16:20] [Server thread/INFO]: Preparing spawn area: 2%
[16:16:21] [Server thread/INFO]: Preparing spawn area: 2%
[16:16:21] [Server thread/INFO]: Time elapsed: 1477 ms
[16:16:21] [Server thread/INFO]: Preparing start region for dimension minecraft:the_nether
[16:16:21] [Server thread/INFO]: Preparing spawn area: 0%
[16:16:21] [Server thread/INFO]: Time elapsed: 219 ms
[16:16:21] [Server thread/INFO]: Preparing start region for dimension minecraft:the_end
[16:16:21] [Server thread/INFO]: Preparing spawn area: 0%
[16:16:21] [Server thread/INFO]: Time elapsed: 176 ms
[16:16:22] [Server thread/INFO]: [spark] Starting background profiler...
[16:16:22] [Server thread/INFO]: [spark] The async-profiler engine is not supported for your os/arch (windows11/amd64), so the built-in Java engine will be used instead.
[16:16:22] [Server thread/INFO]: Done preparing level "world" (3.545s)
[16:16:22] [Server thread/INFO]: Running delayed init tasks
[16:16:22] [Server thread/INFO]: Done (25.177s)! For help, type "help"
[16:23:03] [User Authenticator #0/INFO]: UUID of player bloodgummy is d9b6c94d-2570-47fc-b49e-0067b4436b8c
[16:23:06] [Server thread/INFO]: bloodgummy joined the game
[16:23:06] [Server thread/INFO]: bloodgummy[/73.175.13.82:62128] logged in with entity id 28 at ([world]-265.3625400408156, 81.9375, 126.69999998807907)
[16:23:08] [Server thread/INFO]: bloodgummy was shot by Skeleton
[16:23:24] [Server thread/INFO]: bloodgummy issued server command: /gamerule mobGriefing false
[16:23:31] [Server thread/INFO]: bloodgummy issued server command: /
[16:23:38] [Server thread/INFO]: bloodgummy issued server command: /b
[16:23:42] [Server thread/INFO]: bloodgummy issued server command: /b
[16:23:47] [Server thread/INFO]: bloodgummy issued server command: /bukkit:?
[16:24:10] [User Authenticator #1/INFO]: UUID of player ThatWhereItsSpit is cdcb659a-bdc0-451d-9a82-e21a9a7d6418
[16:24:13] [Server thread/INFO]: ThatWhereItsSpit joined the game
[16:24:13] [Server thread/INFO]: ThatWhereItsSpit[/174.23.225.210:56118] logged in with entity id 563 at ([world]246.5, 86.5625, -92.5)
[16:24:21] [Server thread/INFO]: bloodgummy issued server command: /
[16:40:16] [User Authenticator #2/INFO]: UUID of player MikeyMuzzi is 10ba104d-d2bd-4537-8134-9368c23f8dda
[16:40:17] [Server thread/INFO]: MikeyMuzzi joined the game
[16:40:17] [Server thread/INFO]: MikeyMuzzi[/73.175.13.82:58624] logged in with entity id 2727 at ([world]175.28405687369116, 93.0, 0.011322936814513525)
[17:00:54] [User Authenticator #3/INFO]: UUID of player CuddleViking is 4c6d3087-3def-4e6b-8bf2-274ce27138dc
[17:01:16] [Server thread/INFO]: CuddleViking joined the game
[17:01:16] [Server thread/INFO]: CuddleViking[/174.18.53.142:62489] logged in with entity id 6723 at ([world]101.5, 97.0, 9.5)
[17:01:53] [Async Chat Thread - #4/INFO]: <CuddleViking> im a sickies rn so ill stay in call but do talkin IN GAME :D
[17:02:03] [Async Chat Thread - #4/INFO]: <MikeyMuzzi> Word
[17:02:40] [Async Chat Thread - #4/INFO]: <CuddleViking> perfect
[17:03:22] [Async Chat Thread - #4/INFO]: <CuddleViking> classy
[17:03:43] [Async Chat Thread - #4/INFO]: <CuddleViking> nice
[17:04:59] [Async Chat Thread - #5/INFO]: <CuddleViking> i have a friend who plays EXACTLY like that
[17:05:30] [Async Chat Thread - #5/INFO]: <CuddleViking> thank u for the tour
[17:05:47] [Async Chat Thread - #6/INFO]: <CuddleViking> its the og
[17:06:07] [Server thread/INFO]: CuddleViking has made the advancement [Acquire Hardware]
[17:06:10] [Server thread/INFO]: CuddleViking has made the advancement [Stone Age]
[17:06:12] [Async Chat Thread - #6/INFO]: <CuddleViking> mama mia
[17:06:19] [Async Chat Thread - #6/INFO]: <CuddleViking> tytytyty
[17:07:17] [Server thread/INFO]: CuddleViking has made the advancement [Monster Hunter]
[17:07:43] [Server thread/INFO]: CuddleViking has made the advancement [Sweet Dreams]
[17:08:23] [Async Chat Thread - #7/INFO]: <CuddleViking> thank u
[17:08:30] [Server thread/INFO]: CuddleViking has made the advancement [A Seedy Place]
[17:11:14] [Async Chat Thread - #9/INFO]: <CuddleViking> thats tuff
[17:11:28] [Async Chat Thread - #9/INFO]: <CuddleViking> wow this seed is cool
[17:17:15] [Server thread/INFO]: CuddleViking has made the advancement [The Parrots and the Bats]
[17:17:17] [Async Chat Thread - #11/INFO]: <CuddleViking> god i love video games
[17:17:28] [Async Chat Thread - #11/INFO]: <CuddleViking> sounds dreamy
[17:17:32] [Async Chat Thread - #11/INFO]: <CuddleViking> good yappin
[17:18:20] [Async Chat Thread - #11/INFO]: <CuddleViking> 50% sea 50% weed
[17:19:02] [Async Chat Thread - #11/INFO]: <CuddleViking> nighttime imminent commander
[17:19:19] [Async Chat Thread - #11/INFO]: <CuddleViking> server side mods r lit
[17:19:26] [Async Chat Thread - #11/INFO]: <CuddleViking> this is the future
[17:19:28] [Async Chat Thread - #11/INFO]: <bloodgummy> it was kind of a pain to set up
[17:19:35] [Async Chat Thread - #11/INFO]: <CuddleViking> dang
[17:19:41] [Async Chat Thread - #11/INFO]: <bloodgummy> compared to the uhhh other method
[17:19:47] [Async Chat Thread - #11/INFO]: <CuddleViking> well it helps me be a boomer and click play button
[17:20:30] [Async Chat Thread - #11/INFO]: <bloodgummy> im so glad i got fortinet certified so i can make minecraft servers!!!
[17:20:51] [Async Chat Thread - #11/INFO]: <CuddleViking> invaluable
[17:21:49] [Async Chat Thread - #11/INFO]: <CuddleViking> frick ya
[17:22:56] [Async Chat Thread - #13/INFO]: <CuddleViking> creeper no creepin
[17:25:20] [Server thread/INFO]: CuddleViking has made the advancement [Getting an Upgrade]
[17:34:00] [Server thread/INFO]: Villager Villager['Villager'/9, uuid='1ab156de-0351-4ed6-973e-b51aec2e850c', l='ServerLevel[world]', x=115.10, y=105.00, z=62.06, cpos=[7, 3], tl=584547, v=true] died, message: 'Villager was slain by Zombie'
[17:38:24] [Async Chat Thread - #15/INFO]: <CuddleViking> do u want oak
[17:38:50] [Async Chat Thread - #15/INFO]: <CuddleViking> well i guess i am oakie now
[17:53:03] [Async Chat Thread - #17/INFO]: <CuddleViking> im craftin
[17:54:44] [Async Chat Thread - #19/INFO]: <CuddleViking> i would play it
[17:57:25] [Async Chat Thread - #21/INFO]: <bloodgummy> sleepytime
[18:07:08] [Async Chat Thread - #23/INFO]: <CuddleViking> wuddup
[18:07:30] [Async Chat Thread - #23/INFO]: <bloodgummy> BOATIE
[18:07:42] [Async Chat Thread - #23/INFO]: <CuddleViking> nah u have lots of altitude its all good
[18:12:12] [Async Chat Thread - #25/INFO]: <CuddleViking> things got so weird with minecraft ownership
[18:20:24] [Async Chat Thread - #27/INFO]: <CuddleViking> im oatie and this is my boatie
[18:20:26] [Server thread/INFO]: ThatWhereItsSpit has made the advancement [Best Friends Forever]
[18:20:38] [Async Chat Thread - #27/INFO]: <CuddleViking> wowie
[18:22:20] [Async Chat Thread - #29/INFO]: <bloodgummy> honk shmimimimi...
[18:23:20] [Async Chat Thread - #29/INFO]: <CuddleViking> wow breath of the wild momma what a badass
[18:23:43] [Async Chat Thread - #29/INFO]: <bloodgummy> yea jojo is badass
[18:23:54] [Async Chat Thread - #29/INFO]: <bloodgummy> she was playing without the fucking map
[18:24:07] [Async Chat Thread - #29/INFO]: <CuddleViking> wow and she is named after one of my favorite fries
[18:25:32] [Async Chat Thread - #31/INFO]: <CuddleViking> i wish Subnautica was less scary because if it was it would be real good for gamers like her
[18:26:41] [Async Chat Thread - #33/INFO]: <CuddleViking> i wonder if she would like FFXIV lol
[18:28:15] [Async Chat Thread - #35/INFO]: <CuddleViking> ya!!!
[18:28:39] [Async Chat Thread - #35/INFO]: <CuddleViking> my bad
[18:28:47] [Async Chat Thread - #35/INFO]: <CuddleViking> lol
[18:34:20] [Async Chat Thread - #37/INFO]: <CuddleViking> wooooo
[18:37:35] [Async Chat Thread - #39/INFO]: <CuddleViking> sounds pretty lit
[18:37:58] [Async Chat Thread - #39/INFO]: <CuddleViking> i dont recommend getting sick
[18:38:00] [Async Chat Thread - #39/INFO]: <CuddleViking> 2/10
[18:38:32] [Async Chat Thread - #39/INFO]: <CuddleViking> true
[18:40:27] [Async Chat Thread - #41/INFO]: <CuddleViking> if you look at me i will poop
[18:41:06] [Server thread/INFO]: bloodgummy has made the advancement [A Seedy Place]
[18:46:57] [Server thread/INFO]: ThatWhereItsSpit fell from a high place
[18:47:01] [Async Chat Thread - #43/INFO]: <CuddleViking> noooo
[18:47:10] [Async Chat Thread - #43/INFO]: <CuddleViking> F
[18:47:40] [Async Chat Thread - #43/INFO]: <CuddleViking> whoa
[19:04:10] [Server thread/INFO]: ThatWhereItsSpit lost connection: Disconnected
[19:04:10] [Server thread/INFO]: ThatWhereItsSpit left the game
[19:08:25] [User Authenticator #4/INFO]: UUID of player XPANDONG is c4e7baaf-0aa6-4bc4-8d8d-319215927036
[19:08:27] [Server thread/INFO]: XPANDONG joined the game
[19:08:27] [Server thread/INFO]: XPANDONG[/83.171.251.51:55728] logged in with entity id 35540 at ([world]-96.5, 111.0, -298.5)
[19:11:46] [Async Chat Thread - #46/INFO]: <CuddleViking> lol
[19:16:06] [Server thread/INFO]: XPANDONG lost connection: Disconnected
[19:16:07] [Server thread/INFO]: XPANDONG left the game
[19:17:19] [Async Chat Thread - #48/INFO]: <CuddleViking> noice
[19:17:48] [Async Chat Thread - #48/INFO]: <CuddleViking> aww yeeeah
[19:17:59] [Async Chat Thread - #48/INFO]: <CuddleViking> i was born in the rain
[19:18:08] [Async Chat Thread - #48/INFO]: <bloodgummy> bro we both were
[19:19:03] [Async Chat Thread - #48/INFO]: <CuddleViking> ya they killed minecraft accounts
[19:19:09] [Async Chat Thread - #49/INFO]: <CuddleViking> for microsoft
[19:20:04] [User Authenticator #5/INFO]: UUID of player ThatWhereItsSpit is cdcb659a-bdc0-451d-9a82-e21a9a7d6418
[19:20:07] [Server thread/INFO]: ThatWhereItsSpit joined the game
[19:20:07] [Server thread/INFO]: ThatWhereItsSpit[/174.23.225.210:60405] logged in with entity id 38539 at ([world]130.09317295820648, 110.9375, -183.67765968440503)
[19:33:26] [User Authenticator #6/INFO]: UUID of player XPANDONG is c4e7baaf-0aa6-4bc4-8d8d-319215927036
[19:33:28] [Server thread/INFO]: XPANDONG joined the game
[19:33:28] [Server thread/INFO]: XPANDONG[/47.150.7.140:63388] logged in with entity id 42091 at ([world]-131.63678928693489, 123.0, -309.69999998807907)
[19:33:50] [Server thread/INFO]: XPANDONG lost connection: Disconnected
[19:33:50] [Server thread/INFO]: XPANDONG left the game
[19:35:47] [User Authenticator #7/INFO]: UUID of player XPANDONG is c4e7baaf-0aa6-4bc4-8d8d-319215927036
[19:35:49] [Server thread/INFO]: XPANDONG joined the game
[19:35:49] [Server thread/INFO]: XPANDONG[/47.150.7.140:63493] logged in with entity id 42861 at ([world]-124.37671494839262, 120.0, -309.78676636887)
[19:36:05] [Async Chat Thread - #51/INFO]: <CuddleViking> boat
[19:37:43] [Server thread/INFO]: XPANDONG lost connection: Disconnected
[19:37:43] [Server thread/INFO]: XPANDONG left the game
[19:38:13] [User Authenticator #8/INFO]: UUID of player XPANDONG is c4e7baaf-0aa6-4bc4-8d8d-319215927036
[19:38:15] [Server thread/INFO]: XPANDONG joined the game
[19:38:15] [Server thread/INFO]: XPANDONG[/47.150.7.140:63535] logged in with entity id 43622 at ([world]-95.90904858493487, 111.0, -299.3178566505467)
[19:39:23] [Async Chat Thread - #54/INFO]: <CuddleViking> yeeeeeeeeeahhh
[19:47:09] [Async Chat Thread - #56/INFO]: <CuddleViking> o dear
[19:47:17] [Async Chat Thread - #56/INFO]: <CuddleViking> is this for my strawberry fingies
[19:47:55] [Server thread/INFO]: CuddleViking was impaled on a stalagmite
[19:48:03] [Async Chat Thread - #56/INFO]: <CuddleViking> LOL
[19:48:32] [Async Chat Thread - #56/INFO]: <CuddleViking> no that was science
[19:49:20] [Async Chat Thread - #56/INFO]: <CuddleViking> its always the hot anime girl villains too
[19:50:33] [User Authenticator #9/INFO]: UUID of player Cpt_Creampuff is 4492077b-24c7-4e29-9070-28d5951076b6
[19:50:42] [Async Chat Thread - #58/INFO]: <CuddleViking> o no
[19:50:46] [Server thread/INFO]: Cpt_Creampuff joined the game
[19:50:46] [Server thread/INFO]: Cpt_Creampuff[/76.95.155.191:56065] logged in with entity id 48049 at ([world]408.72109603932734, 81.0, -346.53529665152865)
[19:51:16] [Async Chat Thread - #58/INFO]: <CuddleViking> its so very labyrinthian
[19:51:55] [Server thread/INFO]: Villager Villager['Villager'/4, uuid='89f2a10b-7a11-4723-9c10-1fcbbfa66c87', l='ServerLevel[world]', x=114.45, y=95.54, z=24.04, cpos=[7, 1], tl=732050, v=true] died, message: 'Villager was slain by Zombie'
[19:59:39] [Server thread/INFO]: Cpt_Creampuff was slain by Spider
[19:59:51] [Async Chat Thread - #60/INFO]: <CuddleViking> :(
[19:59:53] [Async Chat Thread - #60/INFO]: <CuddleViking> F
[20:00:40] [Async Chat Thread - #60/INFO]: <CuddleViking> boat
[20:06:20] [Async Chat Thread - #62/INFO]: <bloodgummy> im scared that if i strip mine im gonna collide with mikey's
[20:06:32] [Async Chat Thread - #62/INFO]: <bloodgummy> i might just use yours tbh
[20:06:43] [Async Chat Thread - #62/INFO]: <CuddleViking> what if our mines touched
[20:06:49] [Async Chat Thread - #62/INFO]: <bloodgummy> i always want to use your big hole...
[20:10:53] [Async Chat Thread - #64/INFO]: <CuddleViking> whats taters precious
[20:12:50] [Server thread/INFO]: Cpt_Creampuff has made the advancement [A Seedy Place]
[20:15:19] [Async Chat Thread - #66/INFO]: <CuddleViking> underground barn is good for apocalypse
[20:15:39] [Async Chat Thread - #66/INFO]: <CuddleViking> kinda fallouty
[20:17:49] [Server thread/INFO]: Cpt_Creampuff has made the advancement [Ol' Betsy]
[20:17:49] [Server thread/INFO]: Cpt_Creampuff has made the advancement [Take Aim]
[20:24:19] [Server thread/INFO]: Cpt_Creampuff was shot by Skeleton
[20:24:49] [Async Chat Thread - #68/INFO]: <CuddleViking> any sleepers
[20:30:57] [Async Chat Thread - #70/INFO]: <CuddleViking> just like the martian and his potatoes
[20:32:00] [Server thread/INFO]: bloodgummy issued server command: /seed
[20:38:25] [Server thread/INFO]: bloodgummy issued server command: /seed
[20:38:39] [Server thread/INFO]: Villager Villager['Villager'/587, uuid='f225acb3-5314-47bc-8f75-0fc8a431a439', l='ServerLevel[world]', x=323.30, y=78.00, z=-221.30, cpos=[20, -14], tl=544422, v=true] died, message: 'Villager was slain by Zombie'
[20:41:33] [Async Chat Thread - #72/INFO]: <bloodgummy> d,sl;v,df
[20:41:38] [Server thread/INFO]: Made bloodgummy a server operator
[20:41:41] [Async Chat Thread - #72/INFO]: <CuddleViking> same
[20:42:56] [Server thread/INFO]: bloodgummy issued server command: /seed
[20:45:35] [Async Chat Thread - #74/INFO]: <CuddleViking> r u using the map website
[20:50:48] [Async Chat Thread - #76/INFO]: <CuddleViking> trying to be a badlands baddie
[20:54:18] [Server thread/INFO]: bloodgummy has made the advancement [Voluntary Exile]
[20:58:27] [Server thread/INFO]: bloodgummy lost connection: Disconnected
[20:58:28] [Server thread/INFO]: bloodgummy left the game
[20:58:46] [Async Chat Thread - #78/INFO]: <CuddleViking> good morning
[20:59:16] [User Authenticator #10/INFO]: UUID of player bloodgummy is d9b6c94d-2570-47fc-b49e-0067b4436b8c
[20:59:18] [Server thread/INFO]: bloodgummy joined the game
[20:59:18] [Server thread/INFO]: bloodgummy[/73.175.13.82:52278] logged in with entity id 81541 at ([world]-373.72098625991316, 118.0, 73.07248124643166)
[21:04:28] [Server thread/INFO]: Cpt_Creampuff was slain by Zombie
[21:04:35] [Async Chat Thread - #80/INFO]: <CuddleViking> F :(
[21:05:17] [Async Chat Thread - #80/INFO]: <CuddleViking> sometimes protected spawn is on by default
[21:05:24] [Async Chat Thread - #80/INFO]: <CuddleViking> if ur close to default spawn
[21:09:17] [Async Chat Thread - #82/INFO]: <CuddleViking> Life has many doors, Ed-boy
[21:09:59] [Server thread/INFO]: MikeyMuzzi lost connection: Disconnected
[21:10:00] [Server thread/INFO]: MikeyMuzzi left the game
[21:11:19] [Server thread/INFO]: bloodgummy lost connection: Disconnected
[21:11:19] [Server thread/INFO]: bloodgummy left the game
[21:11:22] [Server thread/INFO]: ThatWhereItsSpit lost connection: Disconnected
[21:11:22] [Server thread/INFO]: ThatWhereItsSpit left the game
[21:11:26] [Server thread/INFO]: XPANDONG lost connection: Disconnected
[21:11:26] [Server thread/INFO]: XPANDONG left the game
[21:11:30] [Server thread/INFO]: Cpt_Creampuff lost connection: Disconnected
[21:11:30] [Server thread/INFO]: Cpt_Creampuff left the game
[21:11:35] [Server thread/INFO]: Stopping the server
[21:11:35] [Server thread/INFO]: Stopping server
[21:11:35] [Server thread/INFO]: Saving players
[21:11:35] [Server thread/INFO]: CuddleViking lost connection: Server closed
[21:11:35] [Server thread/INFO]: CuddleViking left the game
[21:11:35] [Server thread/INFO]: Saving worlds
[21:11:35] [Server thread/INFO]: Saving chunks for level 'ServerLevel[world]'/minecraft:overworld
[21:11:35] [Server thread/INFO]: [ChunkHolderManager] Waiting 60s for chunk system to halt for world 'world'
[21:11:35] [Server thread/INFO]: [ChunkHolderManager] Halted chunk system for world 'world'
[21:11:35] [Server thread/INFO]: [ChunkHolderManager] Saving all chunkholders for world 'world'
[21:11:36] [Server thread/INFO]: [ChunkHolderManager] Saved 236 block chunks, 627 entity chunks, 2 poi chunks in world 'world' in 0.38s
[21:11:36] [Server thread/INFO]: [ChunkHolderManager] Waiting 60s for chunk I/O to halt for world 'world'
[21:11:36] [Server thread/INFO]: [ChunkHolderManager] Halted I/O scheduler for world 'world'
[21:11:36] [Server thread/INFO]: Saving chunks for level 'ServerLevel[world_nether]'/minecraft:the_nether
[21:11:36] [Server thread/INFO]: [ChunkHolderManager] Waiting 60s for chunk system to halt for world 'world_nether'
[21:11:36] [Server thread/INFO]: [ChunkHolderManager] Halted chunk system for world 'world_nether'
[21:11:36] [Server thread/INFO]: [ChunkHolderManager] Saving all chunkholders for world 'world_nether'
[21:11:36] [Server thread/INFO]: [ChunkHolderManager] Saved 0 block chunks, 0 entity chunks, 0 poi chunks in world 'world_nether' in 0.01s
[21:11:36] [Server thread/INFO]: [ChunkHolderManager] Waiting 60s for chunk I/O to halt for world 'world_nether'
[21:11:36] [Server thread/INFO]: [ChunkHolderManager] Halted I/O scheduler for world 'world_nether'
[21:11:36] [Server thread/INFO]: Saving chunks for level 'ServerLevel[world_the_end]'/minecraft:the_end
[21:11:36] [Server thread/INFO]: [ChunkHolderManager] Waiting 60s for chunk system to halt for world 'world_the_end'
[21:11:36] [Server thread/INFO]: [ChunkHolderManager] Halted chunk system for world 'world_the_end'
[21:11:36] [Server thread/INFO]: [ChunkHolderManager] Saving all chunkholders for world 'world_the_end'
[21:11:36] [Server thread/INFO]: [ChunkHolderManager] Saved 0 block chunks, 10 entity chunks, 0 poi chunks in world 'world_the_end' in 0.05s
[21:11:36] [Server thread/INFO]: [ChunkHolderManager] Waiting 60s for chunk I/O to halt for world 'world_the_end'
[21:11:36] [Server thread/INFO]: [ChunkHolderManager] Halted I/O scheduler for world 'world_the_end'
[21:11:36] [Server thread/INFO]: ThreadedAnvilChunkStorage (world): All chunks are saved
[21:11:36] [Server thread/INFO]: ThreadedAnvilChunkStorage (DIM-1): All chunks are saved
[21:11:36] [Server thread/INFO]: ThreadedAnvilChunkStorage (DIM1): All chunks are saved
[21:11:36] [Server thread/INFO]: ThreadedAnvilChunkStorage: All dimensions are saved
[21:11:36] [Server thread/INFO]: Waiting for I/O tasks to complete...
[21:11:36] [Server thread/INFO]: All I/O tasks to complete
[21:11:36] [Server thread/INFO]: [MoonriseCommon] Awaiting termination of worker pool for up to 60s...
[21:11:36] [Server thread/INFO]: [MoonriseCommon] Awaiting termination of I/O pool for up to 60s...
